=== Failed links ===
!!! No navigate url is found in document http://ggzy.huzhou.gov.cn/hzfront/ | file:///tmp/pulsar-vincent/cache/web/export/portal/huzhou-gov-cn-bbe1285c59b5422f7fc04de5ee5232c8.htm !!!
!!! No navigate url is found in document http://jyzx.yiyang.gov.cn/ggzyjy/31065/31081/31111/index.htm | file:///tmp/pulsar-vincent/cache/web/export/portal/yiyang-gov-cn-1fb7a54dc1c2575d8e21eefb7a8f951c.htm !!!
!!! No navigate url is found in document https://ggzy.bengbu.gov.cn/jyxxgk/infoOpen.html | file:///tmp/pulsar-vincent/cache/web/export/portal/bengbu-gov-cn-815f2416513065df30ea3fd5d72fd1ee.htm !!!
!!! No navigate url is found in document http://jyzx.yiyang.gov.cn/ggzyjy/31065/31081/31112/index.htm | file:///tmp/pulsar-vincent/cache/web/export/portal/yiyang-gov-cn-24207e0b8cd8929c16a857762f66c198.htm !!!
!!! No navigate url is found in document http://ggzy.yueqing.gov.cn/yqwebNew/jyxx/001010/001010001/ | file:///tmp/pulsar-vincent/cache/web/export/portal/yueqing-gov-cn-d52e2c583046fa8e92ae211e7b60c0da.htm !!!
!!! No navigate url is found in document http://internal.pulsar.platon.ai/nil | file:///tmp/pulsar-vincent/cache/web/export/portal/platon-ai-712f06b24f845cd8ece35c1eb79938df.htm !!!
!!! No navigate url is found in document https://ggzy.xzspglj.taiyuan.gov.cn/?name=%E6%94%BF%E5%BA%9C%E9%87%87%E8%B4%AD&type=%E6%94%BF%E5%BA%9C%E9%87%87%E8%B4%AD-%E7%BB%93%E6%9E%9C%E5%85%AC%E5%91%8A | file:///tmp/pulsar-vincent/cache/web/export/portal/taiyuan-gov-cn-feea4d95808825bf87aeb11ad286a06c.htm !!!
!!! No navigate url is found in document https://www.bjhd.gov.cn/ggzyjy/zfcgQb/index.html | file:///tmp/pulsar-vincent/cache/web/export/portal/bjhd-gov-cn-e54da3a921aae5499af12306e4059305.htm !!!
!!! No navigate url is found in document https://www.dfmjyzx.com/portal/central/projectNotice/ | file:///tmp/pulsar-vincent/cache/web/export/portal/dfmjyzx-com-f3cfd785eb285145a094362d8cc90720.htm !!!
!!! No navigate url is found in document https://ggzy.bengbu.gov.cn/xeyxxmxx/infoOpen.html | file:///tmp/pulsar-vincent/cache/web/export/portal/bengbu-gov-cn-1f2d5525feb086d5c041c75364e060d5.htm !!!
!!! No navigate url is found in document https://www.chdtp.com/pages/wzglS/zbgg/zhaobiaoList.jsp | file:///tmp/pulsar-vincent/cache/web/export/portal/chdtp-com-cd14306551ece62ab82fd932e31b6c4a.htm !!!
!!! No navigate url is found in document http://www.ccgp-hubei.gov.cn:9040/quSer/searchCght.html | file:///tmp/pulsar-vincent/cache/web/export/portal/ccgp-hubei-gov-cn-72c019436dc9489c9fbbc52e33bb4441.htm !!!
!!! No navigate url is found in document https://bp.cfldcn.com/index!index.do?request_time=1667539823162 | file:///tmp/pulsar-vincent/cache/web/export/portal/cfldcn-com-c24e19275b9bb42ffc9e87f0be4d4f8f.htm !!!
!!! No navigate url is found in document http://ggzy.yueqing.gov.cn/yqwebNew/jyxx/001009/001009002/ | file:///tmp/pulsar-vincent/cache/web/export/portal/yueqing-gov-cn-376cacb06509ce8d45603a9aaaf55df0.htm !!!
!!! No navigate url is found in document http://www.ccgp-tianjin.gov.cn:8088/commons/wait.jsp | file:///tmp/pulsar-vincent/cache/web/export/portal/ccgp-tianjin-gov-cn-79f3a1861555b93a7b6dbdaade87ed2c.htm !!!
!!! No navigate url is found in document http://www.gyggzyjy.gov.cn/qtjy/020004/honest-list.html | file:///tmp/pulsar-vincent/cache/web/export/portal/gyggzyjy-gov-cn-4c9b778c67a8e3612d495fa917503df5.htm !!!
!!! No navigate url is found in document http://www.ccgp-xiamen.gov.cn/350200/noticelist/e8d2cd51915e4c338dc1c6ee2f02b127/ | file:///tmp/pulsar-vincent/cache/web/export/portal/ccgp-xiamen-gov-cn-bb019f7dda91c981ac6c582490c965dd.htm !!!
!!! No navigate url is found in document https://scm.tbea.com/modules/blt/login_bg_news.screen?para=BG00000101&blt_place_category=PUR_INVITATION_BID&bulletin_list_type=PUR_MATERIALS&bid_type=TENDER_NOTICE | file:///tmp/pulsar-vincent/cache/web/export/portal/tbea-com-6101a66f3a281fb2a1fb5b5783df098d.htm !!!
!!! No navigate url is found in document https://bid.ansteelscm.com/cpu-angang-bid-fe/portalcas.html?purchaseType=2 | file:///tmp/pulsar-vincent/cache/web/export/portal/ansteelscm-com-29f95853b335ee619ceec36fcff68894.htm !!!
!!! No navigate url is found in document https://caigou.chinatelecom.com.cn/MSS-PORTAL/resultannounc/listForAd.do?provinceJT=NJT | file:///tmp/pulsar-vincent/cache/web/export/portal/chinatelecom-com-cn-bdcd0e69c981d800afcf6fcc51345107.htm !!!
!!! No navigate url is found in document http://www.gyggzyjy.gov.cn/zfcg/007005/honest-list.html | file:///tmp/pulsar-vincent/cache/web/export/portal/gyggzyjy-gov-cn-1d149c02f6c65c67e26f2e18aa66094a.htm !!!
!!! No navigate url is found in document http://jyzx.yiyang.gov.cn/ggzyjy/31065/31082/31113/31133/index.htm | file:///tmp/pulsar-vincent/cache/web/export/portal/yiyang-gov-cn-22bfdfd9afd3d63d9993897f78c33898.htm !!!
!!! No navigate url is found in document https://www.cqggzy.com/xxhz/014008/014008001/transaction_detail.html | file:///tmp/pulsar-vincent/cache/web/export/portal/cqggzy-com-b4dbe0fcbd12418f127d63bbca7fcd5b.htm !!!
!!! No navigate url is found in document http://ggzy.yueqing.gov.cn/yqwebNew/jyxx/001009/001009005/ | file:///tmp/pulsar-vincent/cache/web/export/portal/yueqing-gov-cn-79a1eb2d2bfa755e61c174a327dcb57c.htm !!!
!!! No navigate url is found in document https://www.hnsggzy.com/queryContent-jygk.jspx?title=&origin=&inDates=&channelId=851&ext=&beginTime=2017-01-01&endTime=2022-10-15 | file:///tmp/pulsar-vincent/cache/web/export/portal/hnsggzy-com-e48147e1ac2f1cebf117c18abe1f8418.htm !!!
!!! No navigate url is found in document https://swuee.com/?activeIndex=0-4 | file:///tmp/pulsar-vincent/cache/web/export/portal/swuee-com-1a6c20918a45c75abd38f655a14252e7.htm !!!
!!! No navigate url is found in document https://swuee.com/ | file:///tmp/pulsar-vincent/cache/web/export/portal/swuee-com-3491125deb4f16f9b89b7257499529a5.htm !!!
!!! No navigate url is found in document https://swuee.com/?activeIndex=1-5 | file:///tmp/pulsar-vincent/cache/web/export/portal/swuee-com-4e7a530cfb348d6b150dd2928706a5c7.htm !!!
!!! No navigate url is found in document http://www.ccgp-fujian.gov.cn/3500/noticelist/d03180adb4de41acbb063875889f9af1/ | file:///tmp/pulsar-vincent/cache/web/export/portal/ccgp-fujian-gov-cn-e9713fb2c4b08868455b2c6b9dc41d13.htm !!!
!!! No navigate url is found in document http://bid.aited.cn/bid/change.html | file:///tmp/pulsar-vincent/cache/web/export/portal/aited-cn-94c83422ab91a30fd52ce093fee1b669.htm !!!
!!! No navigate url is found in document https://ggzy.xzspglj.taiyuan.gov.cn/?name=%E5%B7%A5%E7%A8%8B%E5%BB%BA%E8%AE%BE&type=%E5%B7%A5%E7%A8%8B%E5%BB%BA%E8%AE%BE-%E4%B8%AD%E6%A0%87%E5%80%99%E9%80%89%E4%BA%BA | file:///tmp/pulsar-vincent/cache/web/export/portal/taiyuan-gov-cn-c7170dbb2d1dd637fa7cc3a48a4256f4.htm !!!
!!! No navigate url is found in document https://ccggzy.chancheng.gov.cn/ccggzy/gzgg/cgzgglist.shtml | file:///tmp/pulsar-vincent/cache/web/export/portal/chancheng-gov-cn-638889f1fe4279a5d6c8d4b09dedb624.htm !!!
!!! No navigate url is found in document https://igsp.sany.com.cn/public/touristListDetail?projectType=1&type=1 | file:///tmp/pulsar-vincent/cache/web/export/portal/sany-com-cn-eb867cd75a191e9156a197bced604cf1.htm !!!
!!! No navigate url is found in document https://swuee.com/?activeIndex=1-0 | file:///tmp/pulsar-vincent/cache/web/export/portal/swuee-com-74a48876683759bfe645e10c11120707.htm !!!
!!! No navigate url is found in document https://swuee.com/?activeIndex=0-1 | file:///tmp/pulsar-vincent/cache/web/export/portal/swuee-com-9faefcdbc421709b873b6422620fb6b1.htm !!!
!!! No navigate url is found in document https://scm.tbea.com/modules/blt/login_bg_news.screen?para=BG00000101&blt_place_category=PUR_INVITATION_BID&bulletin_list_type=PUR_ENGINEER&bid_type=TENDER_NOTICE | file:///tmp/pulsar-vincent/cache/web/export/portal/tbea-com-9b94abe271173a8ba982debd990f5f75.htm !!!
!!! No navigate url is found in document http://jyzx.yiyang.gov.cn/ggzyjy/31065/31081/31110/index.htm | file:///tmp/pulsar-vincent/cache/web/export/portal/yiyang-gov-cn-8f56fd6aeb328865394b3dfbbb1e6c3c.htm !!!
!!! No navigate url is found in document https://ebidding.cncico.com/cms/channel/2ywgg4qb/index.htm | file:///tmp/pulsar-vincent/cache/web/export/portal/cncico-com-6661d5c62763d15976a48fbd68aca2be.htm !!!
!!! No navigate url is found in document https://www.cqggzy.com/xxhz/014001/014001001/transaction_detail.html | file:///tmp/pulsar-vincent/cache/web/export/portal/cqggzy-com-e9843e120420849ae6d2cfb25a5161b8.htm !!!
!!! No navigate url is found in document http://bid.aited.cn/bid/result.html | file:///tmp/pulsar-vincent/cache/web/export/portal/aited-cn-d7200379587bafb780988cb3bb0b38a0.htm !!!
!!! No navigate url is found in document http://www.hnggzy.com/jyxx/transaction_notice.html | file:///tmp/pulsar-vincent/cache/web/export/portal/hnggzy-com-cc628bacc5190dd1412756f9ac9bf2b8.htm !!!
!!! No navigate url is found in document https://scm.tbea.com/modules/blt/login_bg_news.screen?para=BG00000101&blt_place_category=ALL | file:///tmp/pulsar-vincent/cache/web/export/portal/tbea-com-a2f30f37bf80d1fb668b9c6ed372f1fb.htm !!!
!!! No navigate url is found in document http://zfcxjst.hlj.gov.cn/zq/zhaotoubiao/7/1.html | file:///tmp/pulsar-vincent/cache/web/export/portal/hlj-gov-cn-4eab29121717ecf0cba7ec324d3b162b.htm !!!
!!! No navigate url is found in document https://www.chdtp.com/pages/wzglS/zbhxrgs/zbhxrgs.jsp | file:///tmp/pulsar-vincent/cache/web/export/portal/chdtp-com-c2f39e513b17770b2c7557e01ff6821b.htm !!!
!!! No navigate url is found in document https://caigou.chinatelecom.com.cn/MSS-PORTAL/announcementjoin/list.do?provinceJT=JT | file:///tmp/pulsar-vincent/cache/web/export/portal/chinatelecom-com-cn-ef8752feb43717cbbb30a3f5ae2a560e.htm !!!
!!! No navigate url is found in document http://bid.aited.cn/bid/index.html | file:///tmp/pulsar-vincent/cache/web/export/portal/aited-cn-c146c39ed4bc38e6800155dc5f4a2946.htm !!!
!!! No navigate url is found in document https://swuee.com/?activeIndex=1-4 | file:///tmp/pulsar-vincent/cache/web/export/portal/swuee-com-7c1ff6478bd586556c19175ea960f040.htm !!!
!!! No navigate url is found in document http://ggzyjy.gxhz.gov.cn/zbgg/ | file:///tmp/pulsar-vincent/cache/web/export/portal/gxhz-gov-cn-d90c8484ddfc881a24c486808c839187.htm !!!
!!! No navigate url is found in document http://ggzy.jz.gov.cn/jyxx/moreinfojy.html | file:///tmp/pulsar-vincent/cache/web/export/portal/jz-gov-cn-47e84fbb453fadabe7b25d8786b1b172.htm !!!
!!! No navigate url is found in document https://ggzy.xzspglj.taiyuan.gov.cn/?name=%E5%B7%A5%E7%A8%8B%E5%BB%BA%E8%AE%BE&type=%E5%B7%A5%E7%A8%8B%E5%BB%BA%E8%AE%BE-%E6%8B%9B%E6%A0%87%E5%85%AC%E5%91%8A | file:///tmp/pulsar-vincent/cache/web/export/portal/taiyuan-gov-cn-0df17bc967040a47eeaac5d38c9b51ec.htm !!!
!!! No navigate url is found in document http://www.ccgp-jiangsu.gov.cn/jiangsu/cggg_search.html?_t=1636977017719 | file:///tmp/pulsar-vincent/cache/web/export/portal/ccgp-jiangsu-gov-cn-f317e59359de46f8c3c611924749d0a7.htm !!!
!!! No navigate url is found in document https://ggzy.yancheng.gov.cn/jyxx/tradeInfonew.html | file:///tmp/pulsar-vincent/cache/web/export/portal/yancheng-gov-cn-9e1f4863cdb4018e3c387fbf94037276.htm !!!
!!! No navigate url is found in document https://swuee.com/?activeIndex=0-0 | file:///tmp/pulsar-vincent/cache/web/export/portal/swuee-com-64310818605f7e9849f4c219fc1b3923.htm !!!
!!! No navigate url is found in document https://ccggzy.chancheng.gov.cn/ccggzy/xqyjzj/list2.shtml | file:///tmp/pulsar-vincent/cache/web/export/portal/chancheng-gov-cn-c091119c83f3d6b3b875bbf85d5ec3a3.htm !!!
!!! No navigate url is found in document http://ggzy.yueqing.gov.cn/yqwebNew/jyxx/001009/001009001/ | file:///tmp/pulsar-vincent/cache/web/export/portal/yueqing-gov-cn-ad1b85a69e98bc5415be47fdad9b5806.htm !!!
!!! No navigate url is found in document http://jyzx.yiyang.gov.cn/ggzyjy/31065/31082/31113/31135/index.htm | file:///tmp/pulsar-vincent/cache/web/export/portal/yiyang-gov-cn-e7a137676bf70eaeb3b603daff1c7fdd.htm !!!
!!! No navigate url is found in document https://swuee.com/?activeIndex=1-2 | file:///tmp/pulsar-vincent/cache/web/export/portal/swuee-com-07ef961e7825c7848187cd1ead5951e7.htm !!!
!!! No navigate url is found in document https://ggzy.xzspglj.taiyuan.gov.cn/?name=%E5%B7%A5%E7%A8%8B%E5%BB%BA%E8%AE%BE&type=%E5%B7%A5%E7%A8%8B%E5%BB%BA%E8%AE%BE-%E6%8E%A7%E5%88%B6%E4%BB%B7%E5%85%AC%E7%A4%BA | file:///tmp/pulsar-vincent/cache/web/export/portal/taiyuan-gov-cn-c9575937541af66b8f7c31bc40b11280.htm !!!
!!! No navigate url is found in document http://ggzy.yueqing.gov.cn/yqwebNew/jyxx/001009/001009003/ | file:///tmp/pulsar-vincent/cache/web/export/portal/yueqing-gov-cn-7b998112ee055eff9ef84e48b11e8a72.htm !!!
!!! No navigate url is found in document http://zzcg.sz-mtr.com/cgxx/sort.html | file:///tmp/pulsar-vincent/cache/web/export/portal/sz-mtr-com-414efe0c936bceea01b0a8cf10d84d8c.htm !!!
!!! No navigate url is found in document http://ggzyjyzx.yangzhou.gov.cn/qtyy/ggzyjyzx/jyxx_listn.html?shownode=4 | file:///tmp/pulsar-vincent/cache/web/export/portal/yangzhou-gov-cn-d73c713e60036d17e5efb87a3992dd5f.htm !!!
!!! No navigate url is found in document https://caigou.chinatelecom.com.cn/MSS-PORTAL/announcementjoin/list.do?provinceJT=NJT | file:///tmp/pulsar-vincent/cache/web/export/portal/chinatelecom-com-cn-048d561082367fd1ea7c92bdac893623.htm !!!
!!! No navigate url is found in document https://ggzy.xzspglj.taiyuan.gov.cn/?name=%E6%94%BF%E5%BA%9C%E9%87%87%E8%B4%AD&type=%E6%94%BF%E5%BA%9C%E9%87%87%E8%B4%AD-%E5%8F%98%E6%9B%B4%E5%85%AC%E5%91%8A | file:///tmp/pulsar-vincent/cache/web/export/portal/taiyuan-gov-cn-82d9f72bfd9a55adc1b5c69ec54ccd6e.htm !!!
!!! No navigate url is found in document http://www.gyggzyjy.gov.cn/gcjs/006002/honest-list.html | file:///tmp/pulsar-vincent/cache/web/export/portal/gyggzyjy-gov-cn-770a6a94638bbd9c1c1f71f91aae60b4.htm !!!
!!! No navigate url is found in document http://jyzx.yiyang.gov.cn/ggzyjy/31065/31082/31113/31137/index.htm | file:///tmp/pulsar-vincent/cache/web/export/portal/yiyang-gov-cn-5aab25fc2c1ab5fd854a30d4899e0ac4.htm !!!
!!! No navigate url is found in document http://ggzy.huaian.gov.cn/EpointWeb/showinfo/jyxxsearch.aspx | file:///tmp/pulsar-vincent/cache/web/export/portal/huaian-gov-cn-f095a632427e7ee42e52eecaa924a5f6.htm !!!
!!! No navigate url is found in document https://www.cqggzy.com/xxhz/014005/014005001/transaction_detail.html | file:///tmp/pulsar-vincent/cache/web/export/portal/cqggzy-com-6adbb54a1be78c99a3470eaed4525e62.htm !!!
!!! No navigate url is found in document http://ggzyjy.dt.gov.cn/zyjyPortal/portal/index | file:///tmp/pulsar-vincent/cache/web/export/portal/dt-gov-cn-a16e686cb368fb986a7ecfaaf06ae808.htm !!!
!!! No navigate url is found in document http://www.ccgp-beijing.gov.cn/xxgg/index.html?name=jieshou | file:///tmp/pulsar-vincent/cache/web/export/portal/ccgp-beijing-gov-cn-bbed2efec28e1299977caf0af720ad1d.htm !!!
!!! No navigate url is found in document https://ggzy.xzspglj.taiyuan.gov.cn/?name=%E5%B7%A5%E7%A8%8B%E5%BB%BA%E8%AE%BE&type=%E5%B7%A5%E7%A8%8B%E5%BB%BA%E8%AE%BE-%E5%90%88%E5%90%8C%E5%85%AC%E7%A4%BA | file:///tmp/pulsar-vincent/cache/web/export/portal/taiyuan-gov-cn-8db36a1250824529632a5f72701f2f71.htm !!!
!!! No navigate url is found in document https://ggzy.xzspglj.taiyuan.gov.cn/?name=%E6%94%BF%E5%BA%9C%E9%87%87%E8%B4%AD | file:///tmp/pulsar-vincent/cache/web/export/portal/taiyuan-gov-cn-668263777055cc0be832fad1e0d763c1.htm !!!
!!! No navigate url is found in document https://swuee.com/?activeIndex=0-3 | file:///tmp/pulsar-vincent/cache/web/export/portal/swuee-com-efe224f32d95435a67c16f1c6cd1efd6.htm !!!
!!! No navigate url is found in document http://bid.aited.cn/bid/winner.html | file:///tmp/pulsar-vincent/cache/web/export/portal/aited-cn-72c54ad1d4384a1de6a0bab8ced313be.htm !!!
!!! No navigate url is found in document http://www.gyggzyjy.gov.cn/gcjs/006001/honest-list.html | file:///tmp/pulsar-vincent/cache/web/export/portal/gyggzyjy-gov-cn-af92d6d22d4eaac70b8328da5a625ae0.htm !!!
!!! No navigate url is found in document http://www.gyggzyjy.gov.cn/zfcg/007004/honest-list.html | file:///tmp/pulsar-vincent/cache/web/export/portal/gyggzyjy-gov-cn-28d90b6bc8d597116ce4477b1bed651b.htm !!!
!!! No navigate url is found in document https://ggzy.bengbu.gov.cn/jyxxgk/002002/infoOpen.html | file:///tmp/pulsar-vincent/cache/web/export/portal/bengbu-gov-cn-e1aaeeb6ee125083ff2a59412ce2b573.htm !!!
!!! No navigate url is found in document http://www.gyggzyjy.gov.cn/zfcg/007002/honest-list.html | file:///tmp/pulsar-vincent/cache/web/export/portal/gyggzyjy-gov-cn-df4828bdb99711265bfedeb1165fb638.htm !!!
!!! No navigate url is found in document https://caigou.chinatelecom.com.cn/MSS-PORTAL/resultannounc/listForAd.do?provinceJT=JT | file:///tmp/pulsar-vincent/cache/web/export/portal/chinatelecom-com-cn-26add53fa86d745362df95e0a2d85e20.htm !!!
!!! No navigate url is found in document https://www.xaprtc.com/queryContent-jyxx.jspx?inDates=&ext=&origin=&channelId=273&projectCode=&title= | file:///tmp/pulsar-vincent/cache/web/export/portal/xaprtc-com-af1a5d779f962fa5d32b3d73925aad8e.htm !!!
!!! No navigate url is found in document http://ggzy.zhenjiang.gov.cn/jyxx/tradeInfonew.html?type=gcjs | file:///tmp/pulsar-vincent/cache/web/export/portal/zhenjiang-gov-cn-26f3fb54e516ef0aa3d71b46dda72701.htm !!!
!!! No navigate url is found in document http://www.qlebid.com/cms/channel/2ywgg1qb/index.htm | file:///tmp/pulsar-vincent/cache/web/export/portal/qlebid-com-f7aac7495aeec34edb2e49dada5cd6b3.htm !!!
!!! No navigate url is found in document https://ebidding.cncico.com/cms/channel/1ywgg3qb/index.htm | file:///tmp/pulsar-vincent/cache/web/export/portal/cncico-com-14a3df18b083825e222c75bd0b84f920.htm !!!
!!! No navigate url is found in document https://swuee.com/?activeIndex=0-2 | file:///tmp/pulsar-vincent/cache/web/export/portal/swuee-com-cc8f2832f378529e0f57210bf2a00d0a.htm !!!
!!! No navigate url is found in document http://ggzy.yueqing.gov.cn/yqwebNew/jyxx/001009/001009009/ | file:///tmp/pulsar-vincent/cache/web/export/portal/yueqing-gov-cn-fa1ce099a79d0f3aa58b736820122934.htm !!!
!!! No navigate url is found in document https://ccggzy.chancheng.gov.cn/ccggzy/wyglzb/gwyjg.shtml | file:///tmp/pulsar-vincent/cache/web/export/portal/chancheng-gov-cn-7cc489e791feb99a8dc6b2485e4c5f78.htm !!!
!!! No navigate url is found in document http://jyzx.yiyang.gov.cn/ggzyjy/31065/31082/31113/31132/index.htm | file:///tmp/pulsar-vincent/cache/web/export/portal/yiyang-gov-cn-14c18bb990241d1e252dacfb68979fff.htm !!!
!!! No navigate url is found in document http://ggzy.yueqing.gov.cn/yqwebNew/jyxx/001010/001010003/ | file:///tmp/pulsar-vincent/cache/web/export/portal/yueqing-gov-cn-6a9894b6dba2f6768abef003c7b388ed.htm !!!
!!! No navigate url is found in document http://jyzx.yiyang.gov.cn/ggzyjy/31065/31082/31113/31134/index.htm | file:///tmp/pulsar-vincent/cache/web/export/portal/yiyang-gov-cn-9545c56f13a9405a743ca57d5abb159f.htm !!!
!!! No navigate url is found in document https://swuee.com/?activeIndex=1-3 | file:///tmp/pulsar-vincent/cache/web/export/portal/swuee-com-ad358225067fc860274a8d45484ad5bf.htm !!!
!!! No navigate url is found in document http://www.gyggzyjy.gov.cn/gcjs/006004/honest-list.html | file:///tmp/pulsar-vincent/cache/web/export/portal/gyggzyjy-gov-cn-4ae125cc18ebffb22e38edf9ac608562.htm !!!
!!! No navigate url is found in document http://www.ccgp-hunan.gov.cn/page/notice/more.jsp?noticeTypeID=prcmNotices | file:///tmp/pulsar-vincent/cache/web/export/portal/ccgp-hunan-gov-cn-1c2eda4147484f4f26705ec9798a5f81.htm !!!
!!! No navigate url is found in document http://ggzy.yueqing.gov.cn/yqwebNew/jyxx/001009/001009004/ | file:///tmp/pulsar-vincent/cache/web/export/portal/yueqing-gov-cn-57b71cc5b06de6ee9d8629a074257803.htm !!!
!!! No navigate url is found in document http://www.ccgp-henan.gov.cn/henan/ggcx?soCode=06aa36ef050e41fbb6c1eb76c58f6adb | file:///tmp/pulsar-vincent/cache/web/export/portal/ccgp-henan-gov-cn-293caedaa25571fb4749de0a2c7243ff.htm !!!
!!! No navigate url is found in document https://www.dfmjyzx.com/portal/central/projectNotice/A00 | file:///tmp/pulsar-vincent/cache/web/export/portal/dfmjyzx-com-0a5115c7f2c09816282d5e129c228297.htm !!!
!!! No navigate url is found in document http://jyzx.yiyang.gov.cn/ggzyjy/31065/31081/31109/index.htm | file:///tmp/pulsar-vincent/cache/web/export/portal/yiyang-gov-cn-e06cb57621e33fc5d86962e21e357c25.htm !!!
!!! No navigate url is found in document https://swuee.com/?activeIndex=0-5 | file:///tmp/pulsar-vincent/cache/web/export/portal/swuee-com-b47c7757cca93c2b5ffafd36cba1195a.htm !!!
!!! No navigate url is found in document https://ccggzy.chancheng.gov.cn/ccggzy/jggg/cjggglist.shtml | file:///tmp/pulsar-vincent/cache/web/export/portal/chancheng-gov-cn-f30d302b7f31f8073ba64e22dea06e68.htm !!!
!!! No navigate url is found in document http://www.gyggzyjy.gov.cn/zfcg/007003/honest-list.html | file:///tmp/pulsar-vincent/cache/web/export/portal/gyggzyjy-gov-cn-5e3c0e247b8771ee7918724fee69692d.htm !!!
!!! No navigate url is found in document https://www.chdtp.com/pages/wzglS/cgxx/caigou.jsp | file:///tmp/pulsar-vincent/cache/web/export/portal/chdtp-com-f3cf9c5c586f9a2a336db36456625f65.htm !!!
!!! No navigate url is found in document http://www.gyggzyjy.gov.cn/gcjs/006003/honest-list.html | file:///tmp/pulsar-vincent/cache/web/export/portal/gyggzyjy-gov-cn-b3a651103c94ad308d0208b7d1cb6411.htm !!!
!!! No navigate url is found in document https://www.xaprtc.com/jyxx/index.jhtml | file:///tmp/pulsar-vincent/cache/web/export/portal/xaprtc-com-fe1945727800ba310f6f0df0e269b7b3.htm !!!
!!! No navigate url is found in document https://caigou.chinatelecom.com.cn/MSS-PORTAL/clearifynotice/listForAd.do?provinceJT=NJT | file:///tmp/pulsar-vincent/cache/web/export/portal/chinatelecom-com-cn-0be41ce2ad56efd194d4d889c97bd3fd.htm !!!
!!! No navigate url is found in document http://www.ccgp-hubei.gov.cn:9040/quSer/searchXmgg.html | file:///tmp/pulsar-vincent/cache/web/export/portal/ccgp-hubei-gov-cn-ddc531561d9b3251f423ab5b5e2d78bf.htm !!!
!!! No navigate url is found in document https://bd.ispacechina.com/retrieve.do | file:///tmp/pulsar-vincent/cache/web/export/portal/ispacechina-com-1dde33ab3b36df1e2dfe8eaddd1c6184.htm !!!
!!! No navigate url is found in document https://scm.tbea.com/modules/blt/login_bg_news.screen?para=BG00000101&blt_place_category=PUR_INVITATION_BID&bulletin_list_type=PUR_SERVICE&bid_type=TENDER_NOTICE | file:///tmp/pulsar-vincent/cache/web/export/portal/tbea-com-654f66b22c3e8a0e69dc509b25e6fece.htm !!!
!!! No navigate url is found in document https://ggzy.xzspglj.taiyuan.gov.cn/?name=%E5%B7%A5%E7%A8%8B%E5%BB%BA%E8%AE%BE&type=%E5%B7%A5%E7%A8%8B%E5%BB%BA%E8%AE%BE-%E8%A1%A5%E9%81%97%E6%96%87%E4%BB%B6 | file:///tmp/pulsar-vincent/cache/web/export/portal/taiyuan-gov-cn-af6aa6cf72c0eda14a990173758a81c5.htm !!!
!!! No navigate url is found in document http://www.gyggzyjy.gov.cn/ht/021001/honest-list.html | file:///tmp/pulsar-vincent/cache/web/export/portal/gyggzyjy-gov-cn-8b8f7a4f34ac14f1282d6f86db73f2c5.htm !!!
!!! No navigate url is found in document https://ggzy.xzspglj.taiyuan.gov.cn/?name=%E5%B7%A5%E7%A8%8B%E5%BB%BA%E8%AE%BE&type=%E5%B7%A5%E7%A8%8B%E5%BB%BA%E8%AE%BE-%E4%B8%AD%E6%A0%87%E7%BB%93%E6%9E%9C%E5%85%AC%E7%A4%BA | file:///tmp/pulsar-vincent/cache/web/export/portal/taiyuan-gov-cn-2c6a2306fb489c72f977ebcf3be3964a.htm !!!
